2026-03-21 10:32:29.321 [INFO ] [WEB] Cliente desconectado: PraGiT1hzOMy9t0zAAAB
2026-03-21 10:32:30.026 [INFO ] [WEB] Cliente conectado: kz4w1crY1UrSF5aDAAAD
2026-03-21 10:39:15.733 [INFO ] 
[BOT] SIGINT recebido — encerrando...
2026-03-21 10:39:15.735 [INFO ] [BOT] Sinais processados nesta sessão: 1
2026-03-21 10:39:16.568 [INFO ] [DRIFT] Desconectado.
2026-03-21 10:39:19.745 [INFO ] [BOT] Configurações validadas ✓
2026-03-21 10:39:19.746 [INFO ] [BOT] Conectando ao Drift Protocol...
2026-03-21 10:39:19.746 [INFO ] [DRIFT] Inicializando cliente via WebSocket...
2026-03-21 10:39:19.778 [INFO ] [DRIFT] Wallet: AktDdobhaKGfJvR3rQpARk3uFzHBunE5dt6jc3Dv99am
2026-03-21 10:39:19.780 [INFO ] [DRIFT] Ambiente: mainnet-beta
2026-03-21 10:39:21.475 [INFO ] [DRIFT] DriftClient subscrito via WebSocket ✓
2026-03-21 10:39:21.871 [INFO ] [DRIFT] DriftUser subscrito ✓
2026-03-21 10:39:21.871 [INFO ] [BOT] Drift conectado ✓
2026-03-21 10:39:22.007 [INFO ] [TRACKER] Position tracker iniciado (refresh: 30s)
2026-03-21 10:39:22.007 [INFO ] [CTRL] Bot de controle Telegram iniciado (1 IDs autorizados)
2026-03-21 10:39:22.008 [INFO ] [BOT] Bot de controle Telegram ativo (1 IDs autorizados)
2026-03-21 10:39:22.009 [INFO ] [BOT] Account poller iniciado (intervalo: 10s)
2026-03-21 10:39:22.009 [INFO ] [BOT] Iniciando listener Telegram...
2026-03-21 10:39:22.010 [INFO ] [TELEGRAM] Conectando...
2026-03-21 10:39:22.013 [INFO ] [WEB] Dashboard disponível em http://localhost:3000
2026-03-21 10:39:22.479 [INFO ] [TELEGRAM] ✅ Autenticado com sucesso!
2026-03-21 10:39:22.727 [INFO ] [TELEGRAM] Canal: "Seita do Macaco" (ID: 2153233141)
2026-03-21 10:39:22.727 [INFO ] [TELEGRAM] 🔊 Monitorando em tempo real...
2026-03-21 10:39:22.727 [INFO ] [BOT] ✅ Bot ativo — aguardando sinais no canal: -1002153233141
2026-03-21 10:39:24.742 [INFO ] [WEB] Cliente conectado: ggA1pkXZIYhhGLAuAAAB
2026-03-21 10:39:55.696 [INFO ] [WEB] Cliente desconectado: ggA1pkXZIYhhGLAuAAAB
2026-03-21 10:40:09.862 [INFO ] [WEB] Cliente conectado: sROCJmzmyI7MPV-BAAAD
2026-03-21 10:41:16.473 [INFO ] 
[BOT] SIGINT recebido — encerrando...
2026-03-21 10:41:16.474 [INFO ] [BOT] Sinais processados nesta sessão: 0
2026-03-21 10:41:17.312 [INFO ] [DRIFT] Desconectado.
2026-03-21 10:41:19.321 [INFO ] [BOT] Configurações validadas ✓
2026-03-21 10:41:19.322 [INFO ] [BOT] Conectando ao Drift Protocol...
2026-03-21 10:41:19.323 [INFO ] [DRIFT] Inicializando cliente via WebSocket...
2026-03-21 10:41:19.356 [INFO ] [DRIFT] Wallet: AktDdobhaKGfJvR3rQpARk3uFzHBunE5dt6jc3Dv99am
2026-03-21 10:41:19.357 [INFO ] [DRIFT] Ambiente: mainnet-beta
2026-03-21 10:41:21.060 [INFO ] [DRIFT] DriftClient subscrito via WebSocket ✓
2026-03-21 10:41:21.428 [INFO ] [DRIFT] DriftUser subscrito ✓
2026-03-21 10:41:21.428 [INFO ] [BOT] Drift conectado ✓
2026-03-21 10:41:21.591 [INFO ] [TRACKER] Position tracker iniciado (refresh: 30s)
2026-03-21 10:41:21.592 [INFO ] [CTRL] Bot de controle Telegram iniciado (1 IDs autorizados)
2026-03-21 10:41:21.592 [INFO ] [BOT] Bot de controle Telegram ativo (1 IDs autorizados)
2026-03-21 10:41:21.593 [INFO ] [BOT] Account poller iniciado (intervalo: 10s)
2026-03-21 10:41:21.593 [INFO ] [BOT] Iniciando listener Telegram...
2026-03-21 10:41:21.594 [INFO ] [TELEGRAM] Conectando...
2026-03-21 10:41:21.597 [INFO ] [WEB] Dashboard disponível em http://localhost:3000
2026-03-21 10:41:22.080 [INFO ] [TELEGRAM] ✅ Autenticado com sucesso!
2026-03-21 10:41:22.316 [INFO ] [TELEGRAM] Canal: "Meu" (ID: 2162078821)
2026-03-21 10:41:22.317 [INFO ] [TELEGRAM] 🔊 Monitorando em tempo real...
2026-03-21 10:41:22.317 [INFO ] [BOT] ✅ Bot ativo — aguardando sinais no canal: -1002162078821
2026-03-21 10:41:23.752 [INFO ] [WEB] Cliente conectado: H05ItAU46weReSVwAAAB
2026-03-21 10:42:00.667 [INFO ] 
════════════════════════════════════════════════════════════
2026-03-21 10:42:00.668 [INFO ] [BOT] 📩 Sinal detectado: SOLSHORTTEST002
2026-03-21 10:42:00.668 [INFO ] [PARSER] ✅ Sinal SOLSHORTTEST002 validado com sucesso
2026-03-21 10:42:00.668 [INFO ] [DRIFT] Free collateral: $109.97
2026-03-21 10:42:00.669 [INFO ] [RISK] ── Pré-validação SOLSHORTTEST002 (SHORT SOL) ──
2026-03-21 10:42:00.669 [INFO ] [RISK] Ativo: SOL → marketIndex 0 ✓
2026-03-21 10:42:00.669 [INFO ] [RISK] Leverage: sinal=10x | plataforma=20x | config=20x → final=10x
2026-03-21 10:42:00.669 [INFO ] [RISK] R:R = 1:2.00 (risco 1.64% / recompensa 3.29%)
2026-03-21 10:42:00.669 [INFO ] [RISK] Conta (Drift): freeCollateral=$109.97 | equity=$109.97 | posições=0 | notional=$0.00
2026-03-21 10:42:00.669 [INFO ] [SIZING] equity=109.97 pct=0.1 leverage=10
2026-03-21 10:42:00.669 [INFO ] [SIZING] targetMargin=11.00
2026-03-21 10:42:00.670 [INFO ] [SIZING] targetNotional=109.97
2026-03-21 10:42:00.670 [INFO ] [RISK] Margem disponível (após 10% buffer): $98.97
2026-03-21 10:42:00.670 [INFO ] [RISK] Exposição: atual=$0.00 + nova=$109.97 = $109.97 | limite=$87.97
2026-03-21 10:42:00.670 [WARN ] [RISK] ⚠️  Colateral reduzido por exposição máxima: $11.00 → $8.80
2026-03-21 10:42:00.670 [INFO ] [RISK] Ordem: 0.976409 base → snap(0.01) = 0.970000 | min=0.01 | nocional=$87.40
2026-03-21 10:42:00.670 [INFO ] [RISK] ⚙️  Ajustes realizados: colateral reduzido $11.00→$8.80 (exposição máxima) | base snappeado 0.976409→0.970000 (step 0.01)
2026-03-21 10:42:00.670 [INFO ] [RISK] ✅ Parâmetros aprovados:
  {
  "marketIndex": 0,
  "alavancagem": "10x",
  "colateral": "$8.7397",
  "nocional": "$87.3970",
  "base": "0.970000 SOL",
  "RR": "1:2.00",
  "margemLivre": "$109.97",
  "posicoes": "1/5"
}
2026-03-21 10:42:00.670 [INFO ] [BOT] 🚀 Enviando para Drift Protocol...
2026-03-21 10:42:00.670 [INFO ] [DRIFT] Tentativa 1/3 — SOLSHORTTEST002
2026-03-21 10:42:00.671 [INFO ] [DRIFT] Abrindo SHORT SOL | Entrada: $90.1 | TP: $87.14 | SL: $91.58 | 10x
2026-03-21 10:42:00.671 [INFO ] [DRIFT] Colateral: precisa $8.74 | disponível $109.97 ✓
2026-03-21 10:42:00.671 [INFO ] [DRIFT] Tamanho de ordem: 0.970000 (min 0.01, step 0.01) ✓
2026-03-21 10:42:00.671 [INFO ] [DRIFT] Leverage recebida pelo executor: 10x
2026-03-21 10:42:00.671 [INFO ] [DRIFT] ⚙️  Configurando leverage:
  {
  "leverageSinalRecebida": "10x",
  "marginRatioBruto": "1000 bps  (10.00%)",
  "minMarginRatioMercado": "500 bps",
  "marginRatioFinal": "1000 bps",
  "leverageEfetivaFinal": "10.00x",
  "highLeverageMode": false
}
2026-03-21 10:42:02.756 [INFO ] [DRIFT] ✅ Leverage configurada: 10.00x | tx: 29A3iYFNYsHiQmZkquDAwF6gAMZ9DXA7BybN33hS1iEhE87XYhQwvZgnrkdbNbsdGKX6Tqk1ezRaUefgbTfgAXjr
2026-03-21 10:42:02.757 [INFO ] [DRIFT] Leverage efetivamente aplicada: 10.00x
2026-03-21 10:42:02.757 [INFO ] [DRIFT] 🔒 Tipo de margem: ISOLATED | colateral alocado: $8.7397
2026-03-21 10:42:02.757 [INFO ] [DRIFT] Enviando market order (ISOLATED 10.00x)...
2026-03-21 10:42:03.809 [INFO ] [DRIFT] ✅ Market order: 4GTdnbAP1KXQo7V5HnxDwv6WFDYh61v1sw2Ej3jmfGoCiZDXdApBT58V6LrWwfRLvnuKCbSbJjKT2aT7TxVRkC5Y
2026-03-21 10:42:08.816 [INFO ] [DRIFT] ✅ Take Profit $87.14: y6ko1udCghM8KtwN8r1gkkAFwzqDkCDg8uuptsn7gahcqtER7v7SwWH49hUHwjV66bSi6yF4VL12ccuQFKzip6H
2026-03-21 10:42:09.540 [INFO ] [DRIFT] ✅ Stop Loss $91.58: 5traxT749zjbkBYv9UeCeyrShfcFoFQiyY7KV9B5JiuXLRGniezwEGTaWCtuMPcimVpYhGPS7zU958kHSMkpSCnG
2026-03-21 10:42:09.540 [INFO ] [DRIFT] 🎯 Posição completa!
  {
  "marketOrder": "https://solscan.io/tx/4GTdnbAP1KXQo7V5HnxDwv6WFDYh61v1sw2Ej3jmfGoCiZDXdApBT58V6LrWwfRLvnuKCbSbJjKT2aT7TxVRkC5Y",
  "takeProfit": "https://solscan.io/tx/y6ko1udCghM8KtwN8r1gkkAFwzqDkCDg8uuptsn7gahcqtER7v7SwWH49hUHwjV66bSi6yF4VL12ccuQFKzip6H",
  "stopLoss": "https://solscan.io/tx/5traxT749zjbkBYv9UeCeyrShfcFoFQiyY7KV9B5JiuXLRGniezwEGTaWCtuMPcimVpYhGPS7zU958kHSMkpSCnG"
}
2026-03-21 10:42:09.541 [INFO ] [BOT] ✅ Posição aberta!
  {
  "sinal": "SOLSHORTTEST002",
  "ativo": "SHORT SOL",
  "entrada": "$90.1",
  "tp": "$87.14",
  "sl": "$91.58",
  "leverage": "10x",
  "colateral": "$8.74",
  "nocional": "$87.40",
  "txs": {
    "marketOrder": "4GTdnbAP1KXQo7V5HnxDwv6WFDYh61v1sw2Ej3jmfGoCiZDXdApBT58V6LrWwfRLvnuKCbSbJjKT2aT7TxVRkC5Y",
    "takeProfit": "y6ko1udCghM8KtwN8r1gkkAFwzqDkCDg8uuptsn7gahcqtER7v7SwWH49hUHwjV66bSi6yF4VL12ccuQFKzip6H",
    "stopLoss": "5traxT749zjbkBYv9UeCeyrShfcFoFQiyY7KV9B5JiuXLRGniezwEGTaWCtuMPcimVpYhGPS7zU958kHSMkpSCnG"
  }
}
2026-03-21 10:42:09.541 [INFO ] ════════════════════════════════════════════════════════════

2026-03-21 10:45:17.073 [INFO ] [WEB] Comando: fechar SOL
2026-03-21 10:45:17.074 [INFO ] [BOT] 🔒 Comando: fechar SOL
2026-03-21 10:45:18.148 [INFO ] [DRIFT] Ordens de SOL canceladas
2026-03-21 10:45:20.089 [INFO ] [DRIFT] ✅ Posição SOL fechada: Jf97PFBMRkchX4Dbje3pJWScuFH1TugjqqbumCZNWG1DWjDNgBN7R77ZmL8BfHuwDUveDMmEW9xushNdNSjVX5C
2026-03-21 10:45:20.090 [INFO ] [BOT] ✅ Posição SOL fechada via comando: Jf97PFBMRkchX4Dbje3pJWScuFH1TugjqqbumCZNWG1DWjDNgBN7R77ZmL8BfHuwDUveDMmEW9xushNdNSjVX5C
2026-03-21 10:45:35.120 [INFO ] 
[BOT] SIGINT recebido — encerrando...
2026-03-21 10:45:35.121 [INFO ] [BOT] Sinais processados nesta sessão: 1
2026-03-21 10:45:35.958 [INFO ] [DRIFT] Desconectado.
2026-03-21 10:45:37.867 [INFO ] [BOT] Configurações validadas ✓
2026-03-21 10:45:37.868 [INFO ] [BOT] Conectando ao Drift Protocol...
2026-03-21 10:45:37.868 [INFO ] [DRIFT] Inicializando cliente via WebSocket...
2026-03-21 10:45:37.898 [INFO ] [DRIFT] Wallet: AktDdobhaKGfJvR3rQpARk3uFzHBunE5dt6jc3Dv99am
2026-03-21 10:45:37.899 [INFO ] [DRIFT] Ambiente: mainnet-beta
2026-03-21 10:45:39.551 [INFO ] [DRIFT] DriftClient subscrito via WebSocket ✓
2026-03-21 10:45:39.914 [INFO ] [DRIFT] DriftUser subscrito ✓
2026-03-21 10:45:39.914 [INFO ] [BOT] Drift conectado ✓
2026-03-21 10:45:40.072 [INFO ] [TRACKER] Position tracker iniciado (refresh: 30s)
2026-03-21 10:45:40.072 [INFO ] [CTRL] Bot de controle Telegram iniciado (1 IDs autorizados)
2026-03-21 10:45:40.072 [INFO ] [BOT] Bot de controle Telegram ativo (1 IDs autorizados)
2026-03-21 10:45:40.074 [INFO ] [BOT] Account poller iniciado (intervalo: 10s)
2026-03-21 10:45:40.074 [INFO ] [BOT] Iniciando listener Telegram...
2026-03-21 10:45:40.075 [INFO ] [TELEGRAM] Conectando...
2026-03-21 10:45:40.078 [INFO ] [WEB] Dashboard disponível em http://localhost:3000
2026-03-21 10:45:40.548 [INFO ] [TELEGRAM] ✅ Autenticado com sucesso!
2026-03-21 10:45:40.785 [INFO ] [TELEGRAM] Canal: "Meu" (ID: 2162078821)
2026-03-21 10:45:40.785 [INFO ] [TELEGRAM] 🔊 Monitorando em tempo real...
2026-03-21 10:45:40.785 [INFO ] [BOT] ✅ Bot ativo — aguardando sinais no canal: -1002162078821
2026-03-21 10:45:42.750 [INFO ] [WEB] Cliente conectado: ajMmzKwQdQZDAeWCAAAB
2026-03-21 10:45:56.220 [INFO ] 
════════════════════════════════════════════════════════════
2026-03-21 10:45:56.220 [INFO ] [BOT] 📩 Sinal detectado: SOLSHORTTEST003
2026-03-21 10:45:56.220 [INFO ] [PARSER] ✅ Sinal SOLSHORTTEST003 validado com sucesso
2026-03-21 10:45:56.221 [INFO ] [DRIFT] Free collateral: $109.97
2026-03-21 10:45:56.221 [INFO ] [RISK] ── Pré-validação SOLSHORTTEST003 (SHORT SOL) ──
2026-03-21 10:45:56.222 [INFO ] [RISK] Ativo: SOL → marketIndex 0 ✓
2026-03-21 10:45:56.222 [INFO ] [RISK] Leverage: sinal=10x | plataforma=20x | config=20x → final=10x
2026-03-21 10:45:56.222 [INFO ] [RISK] R:R = 1:2.00 (risco 1.64% / recompensa 3.29%)
2026-03-21 10:45:56.222 [INFO ] [RISK] Conta (Drift): freeCollateral=$109.97 | equity=$109.98 | posições=0 | notional=$0.00
2026-03-21 10:45:56.222 [INFO ] [SIZING] equity=109.98 pct=0.1 leverage=10
2026-03-21 10:45:56.222 [INFO ] [SIZING] targetMargin=11.00
2026-03-21 10:45:56.222 [INFO ] [SIZING] targetNotional=109.98
2026-03-21 10:45:56.222 [INFO ] [RISK] Margem disponível (após 10% buffer): $98.98
2026-03-21 10:45:56.222 [INFO ] [RISK] Exposição: atual=$0.00 + nova=$109.98 = $109.98 | limite=$87.98
2026-03-21 10:45:56.222 [WARN ] [RISK] ⚠️  Colateral reduzido por exposição máxima: $11.00 → $8.80
2026-03-21 10:45:56.223 [INFO ] [RISK] Ordem: 0.976473 base → snap(0.01) = 0.970000 | min=0.01 | nocional=$87.40
2026-03-21 10:45:56.223 [INFO ] [RISK] ⚙️  Ajustes realizados: colateral reduzido $11.00→$8.80 (exposição máxima) | base snappeado 0.976473→0.970000 (step 0.01)
2026-03-21 10:45:56.223 [INFO ] [RISK] ✅ Parâmetros aprovados:
  {
  "marketIndex": 0,
  "alavancagem": "10x",
  "colateral": "$8.7397",
  "nocional": "$87.3970",
  "base": "0.970000 SOL",
  "RR": "1:2.00",
  "margemLivre": "$109.97",
  "posicoes": "1/5"
}
2026-03-21 10:45:56.223 [INFO ] [BOT] 🚀 Enviando para Drift Protocol...
2026-03-21 10:45:56.223 [INFO ] [DRIFT] Tentativa 1/3 — SOLSHORTTEST003
2026-03-21 10:45:56.223 [INFO ] [DRIFT] Abrindo SHORT SOL | Entrada: $90.1 | TP: $87.14 | SL: $91.58 | 10x
2026-03-21 10:45:56.224 [INFO ] [DRIFT] Colateral: precisa $8.74 | disponível $109.97 ✓
2026-03-21 10:45:56.224 [INFO ] [DRIFT] Tamanho de ordem: 0.970000 (min 0.01, step 0.01) ✓
2026-03-21 10:45:56.224 [INFO ] [DRIFT] Leverage recebida pelo executor: 10x
2026-03-21 10:45:56.224 [INFO ] [DRIFT] ⚙️  Configurando leverage:
  {
  "leverageSinalRecebida": "10x",
  "marginRatioBruto": "1000 bps  (10.00%)",
  "minMarginRatioMercado": "500 bps",
  "marginRatioFinal": "1000 bps",
  "leverageEfetivaFinal": "10.00x",
  "highLeverageMode": false
}
2026-03-21 10:45:58.367 [INFO ] [DRIFT] ✅ Leverage configurada: 10.00x | tx: 5eGEL9Epoe3fXAQyY9mu6Ldcu8vHdhx65Tuj37LfwZKzb1nPhVPfwY7oPPQgMjwG9MYD3awPXsqJXugX6GMUW7Yu
2026-03-21 10:45:58.367 [INFO ] [DRIFT] Leverage efetivamente aplicada: 10.00x
2026-03-21 10:45:58.368 [INFO ] [DRIFT] 🔒 Tipo de margem: ISOLATED | colateral alocado: $8.7397
2026-03-21 10:45:58.368 [INFO ] [DRIFT] Enviando market order (ISOLATED 10.00x)...
2026-03-21 10:45:59.446 [INFO ] [DRIFT] ✅ Market order: 3rb5XjXafFXzxCYAypU8dGyYZdHfZ135UXxH1CnTxCmAsiu5EWC7WdqNJQ2v8GWupXRmENwaSeBUueAazYQ7fWzX
2026-03-21 10:46:03.178 [INFO ] [DRIFT] ✅ Take Profit $87.14: 5G3ETcM2ExZHSAec2UaWQ4Py33jrQKnp8VaGUNTsGpwff8rW4dYFmN3UuHmY1a1VvkY6DAkkkJwsCctoQxgg8MTd
2026-03-21 10:46:03.875 [INFO ] [DRIFT] ✅ Stop Loss $91.58: 4apEEbPkLEjogByjE9shphWzcZ9GxSDrLYz1muoKhefSr3PdnZsyLMy2YxPVPap4ku4rV32dwBKT4gH6HoBrx27b
2026-03-21 10:46:03.875 [INFO ] [DRIFT] 🎯 Posição completa!
  {
  "marketOrder": "https://solscan.io/tx/3rb5XjXafFXzxCYAypU8dGyYZdHfZ135UXxH1CnTxCmAsiu5EWC7WdqNJQ2v8GWupXRmENwaSeBUueAazYQ7fWzX",
  "takeProfit": "https://solscan.io/tx/5G3ETcM2ExZHSAec2UaWQ4Py33jrQKnp8VaGUNTsGpwff8rW4dYFmN3UuHmY1a1VvkY6DAkkkJwsCctoQxgg8MTd",
  "stopLoss": "https://solscan.io/tx/4apEEbPkLEjogByjE9shphWzcZ9GxSDrLYz1muoKhefSr3PdnZsyLMy2YxPVPap4ku4rV32dwBKT4gH6HoBrx27b"
}
2026-03-21 10:46:03.893 [INFO ] [BOT] ✅ Posição aberta!
  {
  "datetime": "21/03/2026, 10:46:03",
  "sinal": "SOLSHORTTEST003",
  "ativo": "SHORT SOL",
  "entrada": "$90.1",
  "tp": "$87.14",
  "sl": "$91.58",
  "leverage": "10x",
  "colateral": "$8.74",
  "nocional": "$87.40",
  "txs": {
    "marketOrder": "3rb5XjXafFXzxCYAypU8dGyYZdHfZ135UXxH1CnTxCmAsiu5EWC7WdqNJQ2v8GWupXRmENwaSeBUueAazYQ7fWzX",
    "takeProfit": "5G3ETcM2ExZHSAec2UaWQ4Py33jrQKnp8VaGUNTsGpwff8rW4dYFmN3UuHmY1a1VvkY6DAkkkJwsCctoQxgg8MTd",
    "stopLoss": "4apEEbPkLEjogByjE9shphWzcZ9GxSDrLYz1muoKhefSr3PdnZsyLMy2YxPVPap4ku4rV32dwBKT4gH6HoBrx27b"
  }
}
2026-03-21 10:46:03.894 [INFO ] ════════════════════════════════════════════════════════════

2026-03-21 10:46:04.619 [INFO ] [TRACKER] Card criado para SOL
2026-03-21 11:54:51.989 [INFO ] [CTRL] cb:pos:refresh:SOL | User: xluffy_d (1262019048)
