2026-03-17 13:43:25.566 [INFO ] [PARSER] ✅ Sinal ETH17032604V13 validado com sucesso
2026-03-17 13:43:25.569 [INFO ] [PARSER] ✅ Sinal BTC17032605V01 validado com sucesso
2026-03-17 13:43:25.570 [WARN ] [PARSER] ❌ Sinal inválido:
  {
  "errors": [
    "SHORT inválido: TP (180) deve ser < Entrada (150)",
    "SHORT inválido: SL (130) deve ser > Entrada (150)"
  ]
}
2026-03-17 13:43:25.571 [INFO ] [PARSER] ✅ Sinal SOL17032610V02 validado com sucesso
2026-03-17 13:47:34.334 [INFO ] [BOT] Configurações validadas ✓
2026-03-17 13:47:34.335 [INFO ] [BOT] Iniciando listener do Telegram...
2026-03-17 13:47:34.336 [INFO ] [TELEGRAM] Conectando...
2026-03-17 13:47:40.138 [INFO ] [TELEGRAM] ⚠️  Digite o código de verificação enviado pelo Telegram:
2026-03-17 13:47:53.144 [INFO ] [TELEGRAM] 🔐 Digite sua senha 2FA:
2026-03-17 13:47:57.826 [INFO ] [TELEGRAM] ✅ Autenticado com sucesso!
2026-03-17 13:47:57.827 [INFO ] [TELEGRAM] Sessão salva em C:\Users\TMLOGISTICA\OneDrive\Documentos\TradeFinderBot\telegram_session.txt
2026-03-17 13:47:57.827 [INFO ] [TELEGRAM] 💡 Copie esta string para TELEGRAM_SESSION no .env para evitar re-autenticar:
2026-03-17 13:47:57.827 [INFO ] [TELEGRAM] 1AQAOMTQ5LjE1NC4xNzUuNTQBu3RrGkCbORueMUwH+0upKJixMtU99I+n8xMDP6RZn5fYlIX/FvtscS3Y18V5eInlsAsd+dVPh/+sH869s+8DQjYiOU+YaovLi3wKryMznXdmShytRXf/SMJ1gKx5ARtg0HgzAn5LZb3JmycW6q3xnNnGlX42mQBgEP0DzyepydH2KHEULxVLQVBCvqjHr+fVvmxYBq7lMaj1C0HLX0++ClJPC+7ybKu+iYaLoD5gr95uZ1cflSgyR8Ah71F+5WSkIwiblHGmdI0XlNkBpuA6x2Pybh/gvaVtgPaqv8tu/xhpoyVBL+dTIDmbyrw4IGBARYzQJKyLQ4vwORldGE37ttY=
2026-03-17 13:47:58.067 [INFO ] [TELEGRAM] Canal monitorado: "Seita do Macaco" (ID: 2153233141)
2026-03-17 13:47:58.067 [INFO ] [TELEGRAM] 🔊 Monitorando mensagens em tempo real via WebSocket...
2026-03-17 13:47:58.068 [INFO ] [BOT] ✅ Bot iniciado e aguardando sinais...
2026-03-17 13:47:58.068 [INFO ] [BOT] Canal: -1002153233141
2026-03-17 15:20:47.231 [INFO ] 
[BOT] Recebido SIGINT — encerrando gracefully...
2026-03-17 15:20:50.950 [INFO ] [BOT] Configurações validadas ✓
2026-03-17 15:20:50.951 [INFO ] [BOT] Iniciando listener do Telegram...
2026-03-17 15:20:50.952 [INFO ] [TELEGRAM] Conectando...
2026-03-17 15:20:51.439 [INFO ] [TELEGRAM] ✅ Autenticado com sucesso!
2026-03-17 15:20:51.687 [INFO ] [TELEGRAM] Canal monitorado: "Seita do Macaco" (ID: 2153233141)
2026-03-17 15:20:51.688 [INFO ] [TELEGRAM] 🔊 Monitorando mensagens em tempo real via WebSocket...
2026-03-17 15:20:51.688 [INFO ] [BOT] ✅ Bot iniciado e aguardando sinais...
2026-03-17 15:20:51.688 [INFO ] [BOT] Canal: -1002153233141
2026-03-17 15:21:22.065 [INFO ] 
[BOT] Recebido SIGINT — encerrando gracefully...
2026-03-17 15:21:25.091 [INFO ] [BOT] Configurações validadas ✓
2026-03-17 15:21:25.092 [INFO ] [BOT] Iniciando listener do Telegram...
2026-03-17 15:21:25.093 [INFO ] [TELEGRAM] Conectando...
2026-03-17 15:21:30.986 [INFO ] [TELEGRAM] ⚠️  Digite o código de verificação enviado pelo Telegram:
2026-03-17 15:21:39.329 [INFO ] [TELEGRAM] 🔐 Digite sua senha 2FA (oculta):
2026-03-17 15:21:45.016 [INFO ] [TELEGRAM] ✅ Autenticado com sucesso!
2026-03-17 15:21:45.019 [INFO ] [TELEGRAM] Sessão salva em C:\Users\TMLOGISTICA\OneDrive\Documentos\TradeFinderBot\telegram_session.txt
2026-03-17 15:21:45.020 [INFO ] [TELEGRAM] 💡 Copie esta string para TELEGRAM_SESSION no .env para evitar re-autenticar:
2026-03-17 15:21:45.021 [INFO ] [TELEGRAM] 1AQAOMTQ5LjE1NC4xNzUuNTQBu5tMQjW2/49zjT3Y8kgEUlHVcgd0F3KQ2ctEqL/y5geA4UoKK53gepT5AeRbQ7e+TaDL4ZuoNBVOMt5LfSHFq2LHTy+X2yMiZXGDketQrVH6/9B3UpMcz/2s+Smys6MpkIOxIuVFpDCHYkgFzVnyqBFoEvpGvF9jtM8EAXW3av7bVUfjJJED/cD2UBI5pik5QJYYDIyIVpXBHtgod8WeBkcNpv88AdFwpme/JeyX/lRaI7Nee49OjXJiXS/H64NrVF0EHZAS8Blv1BKUVbrEfZ5xeZwpRmw4SHTYBzzilmNzCHtn4GV3oZpS+ZXxaT4eLHqzCD6zjQWktNHA6gtI4HQ=
2026-03-17 15:21:45.285 [INFO ] [TELEGRAM] Canal monitorado: "Seita do Macaco" (ID: 2153233141)
2026-03-17 15:21:45.286 [INFO ] [TELEGRAM] 🔊 Monitorando mensagens em tempo real via WebSocket...
2026-03-17 15:21:45.286 [INFO ] [BOT] ✅ Bot iniciado e aguardando sinais...
2026-03-17 15:21:45.287 [INFO ] [BOT] Canal: -1002153233141
2026-03-17 15:24:51.417 [INFO ] 
[BOT] Recebido SIGINT — encerrando gracefully...
2026-03-17 15:25:40.539 [INFO ] [BOT] Configurações validadas ✓
2026-03-17 15:25:40.540 [INFO ] [BOT] Iniciando listener do Telegram...
2026-03-17 15:25:40.541 [INFO ] [TELEGRAM] Conectando...
2026-03-17 15:25:46.405 [INFO ] [TELEGRAM] ⚠️  Digite o código enviado pelo Telegram:
2026-03-17 15:25:53.495 [INFO ] [TELEGRAM] 🔐 Digite sua senha 2FA (oculta):
2026-03-17 15:25:57.993 [INFO ] [TELEGRAM] ✅ Autenticado com sucesso!
2026-03-17 15:25:57.994 [INFO ] [TELEGRAM] Sessão salva em C:\Users\TMLOGISTICA\OneDrive\Documentos\TradeFinderBot\telegram_session.txt
2026-03-17 15:25:57.995 [INFO ] [TELEGRAM] 💡 Cole em TELEGRAM_SESSION no .env para não pedir login novamente:
2026-03-17 15:25:57.995 [INFO ] [TELEGRAM] 1AQAOMTQ5LjE1NC4xNzUuNTQBu5RLlD3XTrvddN01okDDVjwzfg9FSbEX8Z868ubhJbKJdM+h2Y1xhHPezU6XHFJXnE+cU3v0EKsP5O6zVrjKm2RCzoKthebrVQ7o2s1f3MLpfqJkRGNxsoiUdIQ7AAujvRK01u11p5FGsSNRcd0IhtkW6N+ZtMwImqq2q7c2kNyX9p959X5icoIJCkQHFYBEJisJcvUsybskBzhVGOtApIemWNKOTljrmt0pJ/x+yCjScwWu6roX3zEj9YPFkIOFeaquNKJuWNA+pG2EF24nUk8AA0IZf+QAribIQPd8GpNpiiSHbgnUfoSh++UGmiVBkowIZcIEr5kKo1rjxyre2lk=
2026-03-17 15:25:58.237 [INFO ] [TELEGRAM] Canal: "Seita do Macaco" (ID: 2153233141)
2026-03-17 15:25:58.238 [INFO ] [TELEGRAM] 🔊 Monitorando em tempo real...
2026-03-17 15:25:58.239 [INFO ] [BOT] ✅ Bot iniciado e aguardando sinais...
2026-03-17 15:25:58.239 [INFO ] [BOT] Canal: -1002153233141
2026-03-17 20:19:32.698 [INFO ] 
════════════════════════════════════════════════════════════
2026-03-17 20:19:32.700 [INFO ] [BOT] 📩 Sinal detectado: SOL04032601V12
2026-03-17 20:19:32.701 [INFO ] [PARSER] ✅ Sinal SOL04032601V12 validado com sucesso
2026-03-17 20:19:32.701 [INFO ] [RISK] Calculando parâmetros para SOL04032601V12...
2026-03-17 20:19:32.702 [INFO ] [RISK] Parâmetros calculados:
  {
  "alavancagem": "14.4x",
  "posicaoUSD": "$50.00",
  "nocionalUSD": "$720.00",
  "riscoPercent": "2.77%",
  "recompensaPercent": "5.54%",
  "RR": "1:2.00"
}
2026-03-17 20:19:32.702 [INFO ] [BOT] 🚀 Executando trade para SOL04032601V12...
2026-03-17 20:19:32.702 [INFO ] [EXECUTOR] Tentativa 1/3 para SOL04032601V12
2026-03-17 20:19:32.702 [INFO ] [EXECUTOR] Abrindo posição: SHORT SOL | Entrada: $93.27 | TP: $88.1 | SL: $95.85 | Alavancagem: 14.4x
2026-03-17 20:19:32.703 [INFO ] [PAPER] 📝 Trade simulado:
  {
  "sinal": "SOL04032601V12",
  "ativo": "SHORT SOL",
  "entrada": "$93.27",
  "tp": "$88.1",
  "sl": "$95.85",
  "alavancagem": "14.4x",
  "colateral": "$50.00",
  "lucroMax": "$39.91",
  "perdaMax": "$19.92"
}
2026-03-17 20:19:32.703 [INFO ] [BOT] ✅ Trade executado com SUCESSO!
  {
  "sinal": "SOL04032601V12",
  "ativo": "SHORT SOL",
  "entrada": "$93.27",
  "tp": "$88.1",
  "sl": "$95.85",
  "leverage": "14.4x",
  "colateral": "$50.00",
  "assinatura": "PAPER_1773789572702_s3on7j8dp",
  "explorer": "N/A (paper)"
}
2026-03-17 20:19:32.703 [INFO ] ════════════════════════════════════════════════════════════

2026-03-17 20:39:15.163 [INFO ] 
[BOT] Recebido SIGINT — encerrando gracefully...
2026-03-17 20:39:21.651 [INFO ] [BOT] Configurações validadas ✓
2026-03-17 20:39:21.653 [INFO ] [BOT] Iniciando listener do Telegram...
2026-03-17 20:39:21.655 [INFO ] [TELEGRAM] Conectando...
2026-03-17 20:39:22.138 [INFO ] [TELEGRAM] ✅ Autenticado com sucesso!
2026-03-17 20:39:22.378 [INFO ] [TELEGRAM] Canal: "Meu" (ID: 2162078821)
2026-03-17 20:39:22.379 [INFO ] [TELEGRAM] 🔊 Monitorando em tempo real...
2026-03-17 20:39:22.379 [INFO ] [BOT] ✅ Bot iniciado e aguardando sinais...
2026-03-17 20:39:22.380 [INFO ] [BOT] Canal: -1002162078821
2026-03-17 20:39:41.190 [INFO ] 
════════════════════════════════════════════════════════════
2026-03-17 20:39:41.191 [INFO ] [BOT] 📩 Sinal detectado: BTC17032601V12
2026-03-17 20:39:41.191 [INFO ] [PARSER] ✅ Sinal BTC17032601V12 validado com sucesso
2026-03-17 20:39:41.192 [INFO ] [RISK] Calculando parâmetros para BTC17032601V12...
2026-03-17 20:39:41.193 [INFO ] [RISK] Parâmetros calculados:
  {
  "alavancagem": "20x",
  "posicaoUSD": "$50.00",
  "nocionalUSD": "$1000.00",
  "riscoPercent": "1.34%",
  "recompensaPercent": "2.68%",
  "RR": "1:2.00"
}
2026-03-17 20:39:41.193 [INFO ] [BOT] 🚀 Executando trade para BTC17032601V12...
2026-03-17 20:39:41.194 [INFO ] [EXECUTOR] Tentativa 1/3 para BTC17032601V12
2026-03-17 20:39:41.195 [INFO ] [EXECUTOR] Abrindo posição: SHORT BTC | Entrada: $74950.8 | TP: $72942.12 | SL: $75955.14 | Alavancagem: 20x
2026-03-17 20:39:41.195 [INFO ] [PAPER] 📝 Trade simulado:
  {
  "sinal": "BTC17032601V12",
  "ativo": "SHORT BTC",
  "entrada": "$74950.8",
  "tp": "$72942.12",
  "sl": "$75955.14",
  "alavancagem": "20x",
  "colateral": "$50.00",
  "lucroMax": "$26.8",
  "perdaMax": "$13.4"
}
2026-03-17 20:39:41.196 [INFO ] [BOT] ✅ Trade executado com SUCESSO!
  {
  "sinal": "BTC17032601V12",
  "ativo": "SHORT BTC",
  "entrada": "$74950.8",
  "tp": "$72942.12",
  "sl": "$75955.14",
  "leverage": "20x",
  "colateral": "$50.00",
  "assinatura": "PAPER_1773790781195_2y6anxzti",
  "explorer": "N/A (paper)"
}
2026-03-17 20:39:41.197 [INFO ] ════════════════════════════════════════════════════════════

2026-03-17 21:04:08.809 [INFO ] 
[BOT] Recebido SIGINT — encerrando gracefully...
2026-03-17 21:05:22.225 [INFO ] [PARSER] ✅ Sinal ETH17032604V13 validado com sucesso
2026-03-17 21:05:22.229 [INFO ] [PARSER] ✅ Sinal BTC17032605V01 validado com sucesso
2026-03-17 21:05:22.230 [WARN ] [PARSER] ❌ Sinal inválido:
  {
  "errors": [
    "SHORT inválido: TP (180) deve ser < Entrada (150)",
    "SHORT inválido: SL (130) deve ser > Entrada (150)"
  ]
}
2026-03-17 21:05:22.231 [INFO ] [PARSER] ✅ Sinal SOL17032610V02 validado com sucesso
