[12:12:23.777] [INFO ] [BOT] Configurações validadas ✓
[12:12:23.778] [INFO ] [BOT] Inicializando executor...
[12:12:23.778] [INFO ] [EXECUTOR] Modo simulação ativado (Paper Trading)
[12:12:23.778] [INFO ] [BOT] Executor pronto ✓
[12:12:23.778] [INFO ] [BOT] Iniciando listener Telegram...
[12:12:23.779] [INFO ] [TELEGRAM] Conectando...
[12:12:24.249] [INFO ] [TELEGRAM] ✅ Autenticado com sucesso!
[12:12:24.501] [INFO ] [TELEGRAM] Canal: "Meu" (ID: 2162078821)
[12:12:24.502] [INFO ] [TELEGRAM] 🔊 Monitorando em tempo real...
[12:12:24.502] [INFO ] [BOT] ✅ Bot ativo — aguardando sinais no canal: -1002162078821
[12:12:57.658] [INFO ] 
[BOT] SIGINT recebido — encerrando...
[12:12:57.658] [INFO ] [BOT] Sinais processados nesta sessão: 0
[12:12:57.659] [INFO ] [EXECUTOR] Sessão de simulação encerrada
[12:12:57.659] [INFO ] [EXECUTOR] Estatísticas:
[12:13:35.591] [INFO ] [BOT] Configurações validadas ✓
[12:13:35.592] [INFO ] [BOT] Inicializando executor...
[12:13:35.592] [INFO ] [EXECUTOR] Modo simulação ativado (Paper Trading)
[12:13:35.592] [INFO ] [BOT] Executor pronto ✓
[12:13:35.592] [INFO ] [BOT] Iniciando listener Telegram...
[12:13:35.593] [INFO ] [TELEGRAM] Conectando...
[12:13:36.091] [INFO ] [TELEGRAM] ✅ Autenticado com sucesso!
[12:13:36.341] [INFO ] [TELEGRAM] Canal: "Meu" (ID: 2162078821)
[12:13:36.342] [INFO ] [TELEGRAM] 🔊 Monitorando em tempo real...
[12:13:36.343] [INFO ] [BOT] ✅ Bot ativo — aguardando sinais no canal: -1002162078821
[12:13:58.590] [INFO ] 
════════════════════════════════════════════════════════════
[12:13:58.590] [INFO ] [BOT] 📩 Sinal detectado: BTC17032601V12
[12:13:58.590] [INFO ] [PARSER] ✅ Sinal BTC17032601V12 validado com sucesso
[12:13:58.591] [INFO ] [EXECUTOR] Saldo simulado: $10000.00
[12:13:58.591] [INFO ] [RISK] Calculando parâmetros para BTC17032601V12...
[12:13:58.591] [INFO ] [RISK] Parâmetros calculados:
  {
  "alavancagem": "20x",
  "posicaoUSD": "$100.00",
  "nocionalUSD": "$2000.00",
  "riscoPercent": "1.34%",
  "recompensaPercent": "2.68%",
  "RR": "1:2.00"
}
[12:13:58.591] [INFO ] [BOT] 🚀 Enviando para Drift Protocol...
[12:13:58.592] [INFO ] [EXECUTOR] 📊 SIMULAÇÃO: SHORT BTC @ $74950.8 | TP: $72942.12 | SL: $75955.14 | 20x
[12:13:58.592] [INFO ] [EXECUTOR] ❌ LOSS simulada | PnL: $-5.00
[12:13:58.592] [INFO ] [BOT] ✅ Posição aberta!
  {
  "sinal": "BTC17032601V12",
  "ativo": "SHORT BTC",
  "entrada": "$74950.8",
  "tp": "$72942.12",
  "sl": "$75955.14",
  "leverage": "20x",
  "colateral": "$100.00",
  "nocional": "$2000.00",
  "txs": [
    "sim_1773836038592_BTC17032601V12"
  ]
}
[12:13:58.593] [INFO ] ════════════════════════════════════════════════════════════

[12:15:36.501] [INFO ] [BOT] Configurações validadas ✓
[12:15:36.501] [INFO ] [BOT] Inicializando executor...
[12:15:36.502] [INFO ] [EXECUTOR] Modo simulação ativado (Paper Trading)
[12:15:36.502] [INFO ] [BOT] Executor pronto ✓
[12:15:36.502] [INFO ] [BOT] Iniciando listener Telegram...
[12:15:36.503] [INFO ] [TELEGRAM] Conectando...
[12:15:36.993] [INFO ] [TELEGRAM] ✅ Autenticado com sucesso!
[12:15:37.237] [INFO ] [TELEGRAM] Canal: "Meu" (ID: 2162078821)
[12:15:37.237] [INFO ] [TELEGRAM] 🔊 Monitorando em tempo real...
[12:15:37.238] [INFO ] [BOT] ✅ Bot ativo — aguardando sinais no canal: -1002162078821
[12:26:37.389] [INFO ] 
[BOT] SIGINT recebido — encerrando...
[12:26:37.390] [INFO ] [BOT] Sinais processados nesta sessão: 0
[12:26:37.390] [INFO ] [EXECUTOR] Sessão de simulação encerrada
[12:26:37.390] [INFO ] [EXECUTOR] Estatísticas:
