2026-03-19 12:12:27.548 [ERROR] [BOT] ❌ Falha ao executar BTC19032601V13: [DRIFT] Todas as 3 tentativas falharam. Último erro: Simulation failed. 
Message: Transaction simulation failed: Error processing Instruction 1: custom program error: 0x1773. 
Logs: 
[
  "Program ComputeBudget111111111111111111111111111111 success",
  "Program dRiftyHA39MWEi3m9aunc5MzRF1JYuBsbn6VPcn33UH invoke [1]",
  "Program log: Instruction: PlacePerpOrder",
  "Program log: Updating auction start price to 69415249895",
  "Program log: Updating auction end price to 69922863608",
  "Program log: Updating auction duration to 73",
  "Program log: margin calculation: MarginCalculation { context: MarginContext { margin_type: Initial, mode: Standard, strict: true, ignore_invalid_deposit_oracles: false, margin_buffer: 0, fuel_bonus_numerator: 0, fuel_bonus: 0, fuel_perp_delta: None, fuel_spot_deltas: [(0, 0), (0, 0)], margin_ratio_override: None }, total_collateral: 26380090, total_collateral_buffer: 0, margin_requirement: 2278405, margin_requirement_plus_buffer: 0, isolated_margin_calculations: {0: IsolatedMarginCalculation { margin_requirement: 2947948, total_collateral: 2947180, total_collateral_buffer: 0, margin_requirement_plus_buffer: 0 }}, num_spot_liabilities: 0, num_perp_liabilities: 2, all_deposit_oracles_valid: true, all_liability_oracles_valid: true, with_perp_isolated_liability: false, with_spot_isolated_liability: false, total_spot_asset_value: 0, total_spot_liability_value: 0, total_perp_liability_value: 0, total_perp_pnl: 0, tracked_market_margin_requirement: 0, fuel_deposits: 0, fuel_borrows: 0, fuel_positions: 0 }",
  "Program log: AnchorError occurred. Error Code: InsufficientCollateral. Error Number: 6003. Error Message: Insufficient collateral.",
  "Program dRiftyHA39MWEi3m9aunc5MzRF1JYuBsbn6VPcn33UH consumed 66428 of 599850 compute units",
  "Program dRiftyHA39MWEi3m9aunc5MzRF1JYuBsbn6VPcn33UH failed: custom program error: 0x1773"
]. 
Catch the `SendTransactionError` and call `getLogs()` on it for full details.
2026-03-19 13:11:53.013 [ERROR] [BOT] ❌ Falha ao executar BNB19032604V13: [DRIFT] Todas as 3 tentativas falharam. Último erro: Simulation failed. 
Message: Transaction simulation failed: Error processing Instruction 1: custom program error: 0x17ab. 
Logs: 
[
  "Program ComputeBudget111111111111111111111111111111 invoke [1]",
  "Program ComputeBudget111111111111111111111111111111 success",
  "Program dRiftyHA39MWEi3m9aunc5MzRF1JYuBsbn6VPcn33UH invoke [1]",
  "Program log: Instruction: PlacePerpOrder",
  "Program log: Error Order Amount Too Small thrown at programs/drift/src/controller/orders.rs:204",
  "Program log: params.base_asset_amount=42389760 cannot be below market.amm.order_step_size=100000000",
  "Program log: AnchorError occurred. Error Code: OrderAmountTooSmall. Error Number: 6059. Error Message: Order Amount Too Small.",
  "Program dRiftyHA39MWEi3m9aunc5MzRF1JYuBsbn6VPcn33UH consumed 17594 of 599850 compute units",
  "Program dRiftyHA39MWEi3m9aunc5MzRF1JYuBsbn6VPcn33UH failed: custom program error: 0x17ab"
]. 
Catch the `SendTransactionError` and call `getLogs()` on it for full details.
2026-03-19 13:11:53.140 [ERROR] [BOT] ❌ Falha ao executar BNB19032601V13: [DRIFT] Todas as 3 tentativas falharam. Último erro: Simulation failed. 
Message: Transaction simulation failed: Error processing Instruction 1: custom program error: 0x17ab. 
Logs: 
[
  "Program ComputeBudget111111111111111111111111111111 invoke [1]",
  "Program ComputeBudget111111111111111111111111111111 success",
  "Program dRiftyHA39MWEi3m9aunc5MzRF1JYuBsbn6VPcn33UH invoke [1]",
  "Program log: Instruction: PlacePerpOrder",
  "Program log: Error Order Amount Too Small thrown at programs/drift/src/controller/orders.rs:204",
  "Program log: params.base_asset_amount=74404365 cannot be below market.amm.order_step_size=100000000",
  "Program log: AnchorError occurred. Error Code: OrderAmountTooSmall. Error Number: 6059. Error Message: Order Amount Too Small.",
  "Program dRiftyHA39MWEi3m9aunc5MzRF1JYuBsbn6VPcn33UH consumed 17594 of 599850 compute units",
  "Program dRiftyHA39MWEi3m9aunc5MzRF1JYuBsbn6VPcn33UH failed: custom program error: 0x17ab"
]. 
Catch the `SendTransactionError` and call `getLogs()` on it for full details.
2026-03-19 13:11:53.640 [ERROR] [BOT] ❌ Falha ao executar BNB19032604V12: [DRIFT] Todas as 3 tentativas falharam. Último erro: Simulation failed. 
Message: Transaction simulation failed: Error processing Instruction 1: custom program error: 0x17ab. 
Logs: 
[
  "Program ComputeBudget111111111111111111111111111111 invoke [1]",
  "Program ComputeBudget111111111111111111111111111111 success",
  "Program dRiftyHA39MWEi3m9aunc5MzRF1JYuBsbn6VPcn33UH invoke [1]",
  "Program log: Instruction: PlacePerpOrder",
  "Program log: Error Order Amount Too Small thrown at programs/drift/src/controller/orders.rs:204",
  "Program log: params.base_asset_amount=42389760 cannot be below market.amm.order_step_size=100000000",
  "Program log: AnchorError occurred. Error Code: OrderAmountTooSmall. Error Number: 6059. Error Message: Order Amount Too Small.",
  "Program dRiftyHA39MWEi3m9aunc5MzRF1JYuBsbn6VPcn33UH consumed 17594 of 599850 compute units",
  "Program dRiftyHA39MWEi3m9aunc5MzRF1JYuBsbn6VPcn33UH failed: custom program error: 0x17ab"
]. 
Catch the `SendTransactionError` and call `getLogs()` on it for full details.
2026-03-19 13:36:02.638 [ERROR] [BOT] ❌ Falha ao executar BNB19035601V13: [DRIFT] Todas as 3 tentativas falharam. Último erro: Simulation failed. 
Message: Transaction simulation failed: Error processing Instruction 1: custom program error: 0x17a8. 
Logs: 
[
  "Program dRiftyHA39MWEi3m9aunc5MzRF1JYuBsbn6VPcn33UH invoke [1]",
  "Program log: Instruction: PlacePerpOrder",
  "Program log: Updating auction start price to 5898990",
  "Program log: Updating auction end price to 5923066",
  "Program log: Updating auction duration to 25",
  "Program log: Error InvalidOrderMinOrderSize thrown at programs/drift/src/validation/order.rs:358",
  "Program log: Order base_asset_amount (300000000) < min_order_size (500000000)",
  "Program log: AnchorError occurred. Error Code: InvalidOrderMinOrderSize. Error Number: 6056. Error Message: InvalidOrderMinOrderSize.",
  "Program dRiftyHA39MWEi3m9aunc5MzRF1JYuBsbn6VPcn33UH consumed 23185 of 599850 compute units",
  "Program dRiftyHA39MWEi3m9aunc5MzRF1JYuBsbn6VPcn33UH failed: custom program error: 0x17a8"
]. 
Catch the `SendTransactionError` and call `getLogs()` on it for full details.
2026-03-19 16:07:42.945 [ERROR] [BOT] ❌ Falha ao executar ETH19035601V13: [DRIFT] Todas as 3 tentativas falharam. Último erro: Simulation failed. 
Message: Transaction simulation failed: Error processing Instruction 1: custom program error: 0x1773. 
Logs: 
[
  "Program ComputeBudget111111111111111111111111111111 success",
  "Program dRiftyHA39MWEi3m9aunc5MzRF1JYuBsbn6VPcn33UH invoke [1]",
  "Program log: Instruction: PlacePerpOrder",
  "Program log: Updating auction start price to 2131836134",
  "Program log: Updating auction end price to 2167763000",
  "Program log: Updating auction duration to 168",
  "Program log: margin calculation: MarginCalculation { context: MarginContext { margin_type: Initial, mode: Standard, strict: true, ignore_invalid_deposit_oracles: false, margin_buffer: 0, fuel_bonus_numerator: 0, fuel_bonus: 0, fuel_perp_delta: None, fuel_spot_deltas: [(0, 0), (0, 0)], margin_ratio_override: None }, total_collateral: 103649727, total_collateral_buffer: 0, margin_requirement: 20594166, margin_requirement_plus_buffer: 0, isolated_margin_calculations: {0: IsolatedMarginCalculation { margin_requirement: 2958459, total_collateral: 2866868, total_collateral_buffer: 0, margin_requirement_plus_buffer: 0 }, 1: IsolatedMarginCalculation { margin_requirement: 2304568, total_collateral: 2651130, total_collateral_buffer: 0, margin_requirement_plus_buffer: 0 }}, num_spot_liabilities: 0, num_perp_liabilities: 4, all_deposit_oracles_valid: true, all_liability_oracles_valid: true, with_perp_isolated_liability: false, with_spot_isolated_liability: false, total_spot_asset_value: 0, total_spot_liability_value: 0, total_perp_liability_value: 0, total_perp_pnl: 0, tracked_market_margin_requirement: 0, fuel_deposits: 0, fuel_borrows: 0, fuel_positions: 0 }",
  "Program log: AnchorError occurred. Error Code: InsufficientCollateral. Error Number: 6003. Error Message: Insufficient collateral.",
  "Program dRiftyHA39MWEi3m9aunc5MzRF1JYuBsbn6VPcn33UH consumed 93824 of 599850 compute units",
  "Program dRiftyHA39MWEi3m9aunc5MzRF1JYuBsbn6VPcn33UH failed: custom program error: 0x1773"
]. 
Catch the `SendTransactionError` and call `getLogs()` on it for full details.
